{"email":"jean@gmail.com","ip":"::1","level":"info","message":"Usuario autenticado exitosamente","service":"glucosa-app-backend","timestamp":"2025-11-12 23:38:55","userId":"69119078da449f64fdcffdfa"}
{"email":"jean@gmail.com","ip":"::1","level":"info","message":"Verificación de autenticación exitosa","service":"glucosa-app-backend","timestamp":"2025-11-12 23:38:55","userId":"69119078da449f64fdcffdfa"}
{"email":"jean@gmail.com","ip":"::1","level":"info","message":"Usuario autenticado exitosamente","service":"glucosa-app-backend","timestamp":"2025-11-12 23:38:55","userId":"69119078da449f64fdcffdfa"}
{"email":"jean@gmail.com","ip":"::1","level":"info","message":"Verificación de autenticación exitosa","service":"glucosa-app-backend","timestamp":"2025-11-12 23:38:55","userId":"69119078da449f64fdcffdfa"}
{"email":"jean@gmail.com","ip":"::1","level":"info","message":"Usuario autenticado exitosamente","service":"glucosa-app-backend","timestamp":"2025-11-12 23:38:55","userId":"69119078da449f64fdcffdfa"}
{"email":"jean@gmail.com","ip":"::1","level":"info","message":"Verificación de autenticación exitosa","service":"glucosa-app-backend","timestamp":"2025-11-12 23:38:55","userId":"69119078da449f64fdcffdfa"}
{"email":"jean@gmail.com","ip":"::1","level":"info","message":"Usuario autenticado exitosamente","service":"glucosa-app-backend","timestamp":"2025-11-12 23:38:55","userId":"69119078da449f64fdcffdfa"}
{"email":"jean@gmail.com","ip":"::1","level":"info","message":"Verificación de autenticación exitosa","service":"glucosa-app-backend","timestamp":"2025-11-12 23:38:55","userId":"69119078da449f64fdcffdfa"}
{"email":"jean@gmail.com","ip":"::1","level":"info","message":"Usuario autenticado exitosamente","service":"glucosa-app-backend","timestamp":"2025-11-12 23:38:55","userId":"69119078da449f64fdcffdfa"}
{"email":"jean@gmail.com","ip":"::1","level":"info","message":"Usuario autenticado exitosamente","service":"glucosa-app-backend","timestamp":"2025-11-12 23:38:55","userId":"69119078da449f64fdcffdfa"}
{"average":35,"count":1,"days":"30","ip":"::1","level":"info","max":35,"message":"Estadísticas de glucosa calculadas exitosamente","min":35,"service":"glucosa-app-backend","timestamp":"2025-11-12 23:38:55","trend":"stable","userId":"69119078da449f64fdcffdfa"}
{"count":1,"ip":"::1","level":"info","limit":"50","message":"Registros de glucosa obtenidos exitosamente","service":"glucosa-app-backend","timestamp":"2025-11-12 23:38:55","userId":"69119078da449f64fdcffdfa"}
{"email":"jean@gmail.com","ip":"::1","level":"info","message":"Usuario autenticado exitosamente","service":"glucosa-app-backend","timestamp":"2025-11-12 23:38:55","userId":"69119078da449f64fdcffdfa"}
{"email":"jean@gmail.com","ip":"::1","level":"info","message":"Usuario autenticado exitosamente","service":"glucosa-app-backend","timestamp":"2025-11-12 23:38:55","userId":"69119078da449f64fdcffdfa"}
{"average":35,"count":1,"days":"30","ip":"::1","level":"info","max":35,"message":"Estadísticas de glucosa calculadas exitosamente","min":35,"service":"glucosa-app-backend","timestamp":"2025-11-12 23:38:55","trend":"stable","userId":"69119078da449f64fdcffdfa"}
{"count":1,"ip":"::1","level":"info","limit":"50","message":"Registros de glucosa obtenidos exitosamente","service":"glucosa-app-backend","timestamp":"2025-11-12 23:38:55","userId":"69119078da449f64fdcffdfa"}
{"email":"jean@gmail.com","ip":"::1","level":"info","message":"Usuario autenticado exitosamente","service":"glucosa-app-backend","timestamp":"2025-11-12 23:39:18","userId":"69119078da449f64fdcffdfa"}
{"email":"jean@gmail.com","ip":"::1","level":"info","message":"Verificación de autenticación exitosa","service":"glucosa-app-backend","timestamp":"2025-11-12 23:39:18","userId":"69119078da449f64fdcffdfa"}
{"email":"jean@gmail.com","ip":"::1","level":"info","message":"Usuario autenticado exitosamente","service":"glucosa-app-backend","timestamp":"2025-11-12 23:39:18","userId":"69119078da449f64fdcffdfa"}
{"email":"jean@gmail.com","ip":"::1","level":"info","message":"Verificación de autenticación exitosa","service":"glucosa-app-backend","timestamp":"2025-11-12 23:39:18","userId":"69119078da449f64fdcffdfa"}
{"email":"jean@gmail.com","ip":"::1","level":"info","message":"Usuario autenticado exitosamente","service":"glucosa-app-backend","timestamp":"2025-11-12 23:39:18","userId":"69119078da449f64fdcffdfa"}
{"email":"jean@gmail.com","ip":"::1","level":"info","message":"Verificación de autenticación exitosa","service":"glucosa-app-backend","timestamp":"2025-11-12 23:39:18","userId":"69119078da449f64fdcffdfa"}
{"email":"jean@gmail.com","ip":"::1","level":"info","message":"Usuario autenticado exitosamente","service":"glucosa-app-backend","timestamp":"2025-11-12 23:39:18","userId":"69119078da449f64fdcffdfa"}
{"email":"jean@gmail.com","ip":"::1","level":"info","message":"Verificación de autenticación exitosa","service":"glucosa-app-backend","timestamp":"2025-11-12 23:39:18","userId":"69119078da449f64fdcffdfa"}
{"email":"jean@gmail.com","ip":"::1","level":"info","message":"Usuario autenticado exitosamente","service":"glucosa-app-backend","timestamp":"2025-11-12 23:39:18","userId":"69119078da449f64fdcffdfa"}
{"email":"jean@gmail.com","ip":"::1","level":"info","message":"Usuario autenticado exitosamente","service":"glucosa-app-backend","timestamp":"2025-11-12 23:39:18","userId":"69119078da449f64fdcffdfa"}
{"count":1,"ip":"::1","level":"info","limit":"50","message":"Registros de glucosa obtenidos exitosamente","service":"glucosa-app-backend","timestamp":"2025-11-12 23:39:18","userId":"69119078da449f64fdcffdfa"}
{"email":"jean@gmail.com","ip":"::1","level":"info","message":"Usuario autenticado exitosamente","service":"glucosa-app-backend","timestamp":"2025-11-12 23:39:18","userId":"69119078da449f64fdcffdfa"}
{"average":35,"count":1,"days":"30","ip":"::1","level":"info","max":35,"message":"Estadísticas de glucosa calculadas exitosamente","min":35,"service":"glucosa-app-backend","timestamp":"2025-11-12 23:39:18","trend":"stable","userId":"69119078da449f64fdcffdfa"}
{"count":1,"ip":"::1","level":"info","limit":"50","message":"Registros de glucosa obtenidos exitosamente","service":"glucosa-app-backend","timestamp":"2025-11-12 23:39:18","userId":"69119078da449f64fdcffdfa"}
{"email":"jean@gmail.com","ip":"::1","level":"info","message":"Usuario autenticado exitosamente","service":"glucosa-app-backend","timestamp":"2025-11-12 23:39:18","userId":"69119078da449f64fdcffdfa"}
{"average":35,"count":1,"days":"30","ip":"::1","level":"info","max":35,"message":"Estadísticas de glucosa calculadas exitosamente","min":35,"service":"glucosa-app-backend","timestamp":"2025-11-12 23:39:18","trend":"stable","userId":"69119078da449f64fdcffdfa"}
{"email":"jean@gmail.com","ip":"::1","level":"info","message":"Usuario autenticado exitosamente","service":"glucosa-app-backend","timestamp":"2025-11-12 23:54:30","userId":"69119078da449f64fdcffdfa"}
{"email":"jean@gmail.com","ip":"::1","level":"info","message":"Verificación de autenticación exitosa","service":"glucosa-app-backend","timestamp":"2025-11-12 23:54:30","userId":"69119078da449f64fdcffdfa"}
{"email":"jean@gmail.com","ip":"::1","level":"info","message":"Usuario autenticado exitosamente","service":"glucosa-app-backend","timestamp":"2025-11-12 23:54:30","userId":"69119078da449f64fdcffdfa"}
{"email":"jean@gmail.com","ip":"::1","level":"info","message":"Verificación de autenticación exitosa","service":"glucosa-app-backend","timestamp":"2025-11-12 23:54:30","userId":"69119078da449f64fdcffdfa"}
{"email":"jean@gmail.com","ip":"::1","level":"info","message":"Usuario autenticado exitosamente","service":"glucosa-app-backend","timestamp":"2025-11-12 23:54:30","userId":"69119078da449f64fdcffdfa"}
{"email":"jean@gmail.com","ip":"::1","level":"info","message":"Verificación de autenticación exitosa","service":"glucosa-app-backend","timestamp":"2025-11-12 23:54:30","userId":"69119078da449f64fdcffdfa"}
{"email":"jean@gmail.com","ip":"::1","level":"info","message":"Usuario autenticado exitosamente","service":"glucosa-app-backend","timestamp":"2025-11-12 23:54:30","userId":"69119078da449f64fdcffdfa"}
{"email":"jean@gmail.com","ip":"::1","level":"info","message":"Verificación de autenticación exitosa","service":"glucosa-app-backend","timestamp":"2025-11-12 23:54:30","userId":"69119078da449f64fdcffdfa"}
{"email":"jean@gmail.com","ip":"::1","level":"info","message":"Usuario autenticado exitosamente","service":"glucosa-app-backend","timestamp":"2025-11-12 23:54:30","userId":"69119078da449f64fdcffdfa"}
{"email":"jean@gmail.com","ip":"::1","level":"info","message":"Usuario autenticado exitosamente","service":"glucosa-app-backend","timestamp":"2025-11-12 23:54:30","userId":"69119078da449f64fdcffdfa"}
{"average":35,"count":1,"days":"30","ip":"::1","level":"info","max":35,"message":"Estadísticas de glucosa calculadas exitosamente","min":35,"service":"glucosa-app-backend","timestamp":"2025-11-12 23:54:30","trend":"stable","userId":"69119078da449f64fdcffdfa"}
{"count":1,"ip":"::1","level":"info","limit":"50","message":"Registros de glucosa obtenidos exitosamente","service":"glucosa-app-backend","timestamp":"2025-11-12 23:54:30","userId":"69119078da449f64fdcffdfa"}
{"email":"jean@gmail.com","ip":"::1","level":"info","message":"Usuario autenticado exitosamente","service":"glucosa-app-backend","timestamp":"2025-11-12 23:54:30","userId":"69119078da449f64fdcffdfa"}
{"email":"jean@gmail.com","ip":"::1","level":"info","message":"Usuario autenticado exitosamente","service":"glucosa-app-backend","timestamp":"2025-11-12 23:54:30","userId":"69119078da449f64fdcffdfa"}
{"average":35,"count":1,"days":"30","ip":"::1","level":"info","max":35,"message":"Estadísticas de glucosa calculadas exitosamente","min":35,"service":"glucosa-app-backend","timestamp":"2025-11-12 23:54:30","trend":"stable","userId":"69119078da449f64fdcffdfa"}
{"count":1,"ip":"::1","level":"info","limit":"50","message":"Registros de glucosa obtenidos exitosamente","service":"glucosa-app-backend","timestamp":"2025-11-12 23:54:30","userId":"69119078da449f64fdcffdfa"}
{"email":"jean@gmail.com","ip":"::1","level":"info","message":"Usuario autenticado exitosamente","service":"glucosa-app-backend","timestamp":"2025-11-13 01:34:46","userId":"69119078da449f64fdcffdfa"}
{"email":"jean@gmail.com","ip":"::1","level":"info","message":"Verificación de autenticación exitosa","service":"glucosa-app-backend","timestamp":"2025-11-13 01:34:46","userId":"69119078da449f64fdcffdfa"}
{"duration":"0.030s","level":"info","message":"Métrica registrada","method":"GET","route":"/me","service":"glucosa-app-backend","statusCode":304,"timestamp":"2025-11-13 01:34:46"}
{"email":"jean@gmail.com","ip":"::1","level":"info","message":"Usuario autenticado exitosamente","service":"glucosa-app-backend","timestamp":"2025-11-13 01:34:46","userId":"69119078da449f64fdcffdfa"}
{"email":"jean@gmail.com","ip":"::1","level":"info","message":"Verificación de autenticación exitosa","service":"glucosa-app-backend","timestamp":"2025-11-13 01:34:46","userId":"69119078da449f64fdcffdfa"}
{"duration":"0.008s","level":"info","message":"Métrica registrada","method":"GET","route":"/me","service":"glucosa-app-backend","statusCode":304,"timestamp":"2025-11-13 01:34:46"}
{"email":"jean@gmail.com","ip":"::1","level":"info","message":"Usuario autenticado exitosamente","service":"glucosa-app-backend","timestamp":"2025-11-13 01:34:46","userId":"69119078da449f64fdcffdfa"}
{"email":"jean@gmail.com","ip":"::1","level":"info","message":"Verificación de autenticación exitosa","service":"glucosa-app-backend","timestamp":"2025-11-13 01:34:46","userId":"69119078da449f64fdcffdfa"}
{"duration":"0.005s","level":"info","message":"Métrica registrada","method":"GET","route":"/me","service":"glucosa-app-backend","statusCode":304,"timestamp":"2025-11-13 01:34:46"}
{"email":"jean@gmail.com","ip":"::1","level":"info","message":"Usuario autenticado exitosamente","service":"glucosa-app-backend","timestamp":"2025-11-13 01:34:46","userId":"69119078da449f64fdcffdfa"}
{"email":"jean@gmail.com","ip":"::1","level":"info","message":"Verificación de autenticación exitosa","service":"glucosa-app-backend","timestamp":"2025-11-13 01:34:46","userId":"69119078da449f64fdcffdfa"}
{"duration":"0.005s","level":"info","message":"Métrica registrada","method":"GET","route":"/me","service":"glucosa-app-backend","statusCode":304,"timestamp":"2025-11-13 01:34:46"}
{"email":"jean@gmail.com","ip":"::1","level":"info","message":"Inicio de sesión exitoso","service":"glucosa-app-backend","timestamp":"2025-11-13 01:34:52","userId":"69119078da449f64fdcffdfa"}
{"duration":"0.122s","level":"info","message":"Métrica registrada","method":"POST","route":"/login","service":"glucosa-app-backend","statusCode":200,"timestamp":"2025-11-13 01:34:52"}
{"email":"jean@gmail.com","ip":"::1","level":"info","message":"Usuario autenticado exitosamente","service":"glucosa-app-backend","timestamp":"2025-11-13 01:35:03","userId":"69119078da449f64fdcffdfa"}
{"0":"c","1":"a","10":"/","11":"f","12":"o","13":"o","14":"d","15":"s","16":"/","17":"c","18":"a","19":"t","2":"c","20":"e","21":"g","22":"o","23":"r","24":"i","25":"e","26":"s","3":"h","4":"e","5":":","6":"/","7":"a","8":"p","9":"i","level":"info","message":"Cache miss para:","service":"glucosa-app-backend","timestamp":"2025-11-13 01:35:03"}
{"email":"jean@gmail.com","ip":"::1","level":"info","message":"Usuario autenticado exitosamente","service":"glucosa-app-backend","timestamp":"2025-11-13 01:35:03","userId":"69119078da449f64fdcffdfa"}
{"0":"c","1":"a","10":"/","11":"f","12":"o","13":"o","14":"d","15":"s","2":"c","3":"h","4":"e","5":":","6":"/","7":"a","8":"p","9":"i","level":"info","message":"Cache miss para:","service":"glucosa-app-backend","timestamp":"2025-11-13 01:35:03"}
{"0":"c","1":"a","10":"/","11":"f","12":"o","13":"o","14":"d","15":"s","16":"/","17":"c","18":"a","19":"t","2":"c","20":"e","21":"g","22":"o","23":"r","24":"i","25":"e","26":"s","3":"h","4":"e","5":":","6":"/","7":"a","8":"p","9":"i","level":"info","message":"Respuesta cacheada para:","service":"glucosa-app-backend","timestamp":"2025-11-13 01:35:03"}
{"duration":"0.015s","level":"info","message":"Métrica registrada","method":"GET","route":"/categories","service":"glucosa-app-backend","statusCode":304,"timestamp":"2025-11-13 01:35:03"}
{"0":"c","1":"a","10":"/","11":"f","12":"o","13":"o","14":"d","15":"s","2":"c","3":"h","4":"e","5":":","6":"/","7":"a","8":"p","9":"i","level":"info","message":"Respuesta cacheada para:","service":"glucosa-app-backend","timestamp":"2025-11-13 01:35:03"}
{"email":"jean@gmail.com","ip":"::1","level":"info","message":"Usuario autenticado exitosamente","service":"glucosa-app-backend","timestamp":"2025-11-13 01:35:03","userId":"69119078da449f64fdcffdfa"}
{"0":"c","1":"a","10":"/","11":"f","12":"o","13":"o","14":"d","15":"s","16":"/","17":"c","18":"a","19":"t","2":"c","20":"e","21":"g","22":"o","23":"r","24":"i","25":"e","26":"s","3":"h","4":"e","5":":","6":"/","7":"a","8":"p","9":"i","level":"info","message":"Cache miss para:","service":"glucosa-app-backend","timestamp":"2025-11-13 01:35:03"}
{"0":"c","1":"a","10":"/","11":"f","12":"o","13":"o","14":"d","15":"s","16":"/","17":"c","18":"a","19":"t","2":"c","20":"e","21":"g","22":"o","23":"r","24":"i","25":"e","26":"s","3":"h","4":"e","5":":","6":"/","7":"a","8":"p","9":"i","level":"info","message":"Respuesta cacheada para:","service":"glucosa-app-backend","timestamp":"2025-11-13 01:35:03"}
{"duration":"0.009s","level":"info","message":"Métrica registrada","method":"GET","route":"/categories","service":"glucosa-app-backend","statusCode":304,"timestamp":"2025-11-13 01:35:03"}
{"duration":"0.045s","level":"info","message":"Métrica registrada","method":"GET","route":"/","service":"glucosa-app-backend","statusCode":200,"timestamp":"2025-11-13 01:35:03"}
{"email":"jean@gmail.com","ip":"::1","level":"info","message":"Usuario autenticado exitosamente","service":"glucosa-app-backend","timestamp":"2025-11-13 01:35:03","userId":"69119078da449f64fdcffdfa"}
{"0":"c","1":"a","10":"/","11":"f","12":"o","13":"o","14":"d","15":"s","2":"c","3":"h","4":"e","5":":","6":"/","7":"a","8":"p","9":"i","level":"info","message":"Cache miss para:","service":"glucosa-app-backend","timestamp":"2025-11-13 01:35:03"}
{"0":"c","1":"a","10":"/","11":"f","12":"o","13":"o","14":"d","15":"s","2":"c","3":"h","4":"e","5":":","6":"/","7":"a","8":"p","9":"i","level":"info","message":"Respuesta cacheada para:","service":"glucosa-app-backend","timestamp":"2025-11-13 01:35:03"}
{"duration":"0.020s","level":"info","message":"Métrica registrada","method":"GET","route":"/","service":"glucosa-app-backend","statusCode":200,"timestamp":"2025-11-13 01:35:03"}
{"email":"jean@gmail.com","ip":"::1","level":"info","message":"Usuario autenticado exitosamente","service":"glucosa-app-backend","timestamp":"2025-11-13 01:35:20","userId":"69119078da449f64fdcffdfa"}
{"0":"c","1":"a","10":"/","11":"f","12":"o","13":"o","14":"d","15":"s","16":"/","17":"s","18":"e","19":"a","2":"c","20":"r","21":"c","22":"h","23":"?","24":"q","25":"u","26":"e","27":"r","28":"y","29":"=","3":"h","30":"a","4":"e","5":":","6":"/","7":"a","8":"p","9":"i","level":"info","message":"Cache miss para:","service":"glucosa-app-backend","timestamp":"2025-11-13 01:35:20"}
{"0":"c","1":"a","10":"/","11":"f","12":"o","13":"o","14":"d","15":"s","16":"/","17":"s","18":"e","19":"a","2":"c","20":"r","21":"c","22":"h","23":"?","24":"q","25":"u","26":"e","27":"r","28":"y","29":"=","3":"h","30":"a","4":"e","5":":","6":"/","7":"a","8":"p","9":"i","level":"info","message":"Respuesta cacheada para:","service":"glucosa-app-backend","timestamp":"2025-11-13 01:35:20"}
{"duration":"0.011s","level":"info","message":"Métrica registrada","method":"GET","route":"/search","service":"glucosa-app-backend","statusCode":200,"timestamp":"2025-11-13 01:35:20"}
{"email":"jean@gmail.com","ip":"::1","level":"info","message":"Usuario autenticado exitosamente","service":"glucosa-app-backend","timestamp":"2025-11-13 01:35:49","userId":"69119078da449f64fdcffdfa"}
{"email":"jean@gmail.com","ip":"::1","level":"info","message":"Usuario autenticado exitosamente","service":"glucosa-app-backend","timestamp":"2025-11-13 01:35:49","userId":"69119078da449f64fdcffdfa"}
{"email":"jean@gmail.com","ip":"::1","level":"info","message":"Usuario autenticado exitosamente","service":"glucosa-app-backend","timestamp":"2025-11-13 01:35:49","userId":"69119078da449f64fdcffdfa"}
{"count":1,"ip":"::1","level":"info","limit":"50","message":"Registros de glucosa obtenidos exitosamente","service":"glucosa-app-backend","timestamp":"2025-11-13 01:35:49","userId":"69119078da449f64fdcffdfa"}
{"duration":"0.025s","level":"info","message":"Métrica registrada","method":"GET","route":"/","service":"glucosa-app-backend","statusCode":200,"timestamp":"2025-11-13 01:35:49"}
{"average":35,"count":1,"days":"30","ip":"::1","level":"info","max":35,"message":"Estadísticas de glucosa calculadas exitosamente","min":35,"service":"glucosa-app-backend","timestamp":"2025-11-13 01:35:49","trend":"stable","userId":"69119078da449f64fdcffdfa"}
{"duration":"0.024s","level":"info","message":"Métrica registrada","method":"GET","route":"/statistics","service":"glucosa-app-backend","statusCode":200,"timestamp":"2025-11-13 01:35:49"}
{"count":1,"ip":"::1","level":"info","limit":"50","message":"Registros de glucosa obtenidos exitosamente","service":"glucosa-app-backend","timestamp":"2025-11-13 01:35:49","userId":"69119078da449f64fdcffdfa"}
{"duration":"0.024s","level":"info","message":"Métrica registrada","method":"GET","route":"/","service":"glucosa-app-backend","statusCode":200,"timestamp":"2025-11-13 01:35:49"}
{"email":"jean@gmail.com","ip":"::1","level":"info","message":"Usuario autenticado exitosamente","service":"glucosa-app-backend","timestamp":"2025-11-13 01:35:49","userId":"69119078da449f64fdcffdfa"}
{"average":35,"count":1,"days":"30","ip":"::1","level":"info","max":35,"message":"Estadísticas de glucosa calculadas exitosamente","min":35,"service":"glucosa-app-backend","timestamp":"2025-11-13 01:35:49","trend":"stable","userId":"69119078da449f64fdcffdfa"}
{"duration":"0.008s","level":"info","message":"Métrica registrada","method":"GET","route":"/statistics","service":"glucosa-app-backend","statusCode":200,"timestamp":"2025-11-13 01:35:49"}
{"duration":"0.005s","level":"info","message":"Métrica registrada","method":"GET","route":"/","service":"glucosa-app-backend","statusCode":304,"timestamp":"2025-11-13 01:35:53"}
{"duration":"0.005s","level":"info","message":"Métrica registrada","method":"GET","route":"/","service":"glucosa-app-backend","statusCode":304,"timestamp":"2025-11-13 01:35:53"}
{"email":"jean@gmail.com","ip":"::1","level":"info","message":"Usuario autenticado exitosamente","service":"glucosa-app-backend","timestamp":"2025-11-13 01:38:52","userId":"69119078da449f64fdcffdfa"}
{"0":"c","1":"a","10":"/","11":"f","12":"o","13":"o","14":"d","15":"s","16":"/","17":"s","18":"e","19":"a","2":"c","20":"r","21":"c","22":"h","23":"?","24":"q","25":"u","26":"e","27":"r","28":"y","29":"=","3":"h","30":"m","4":"e","5":":","6":"/","7":"a","8":"p","9":"i","level":"info","message":"Cache miss para:","service":"glucosa-app-backend","timestamp":"2025-11-13 01:38:52"}
{"0":"c","1":"a","10":"/","11":"f","12":"o","13":"o","14":"d","15":"s","16":"/","17":"s","18":"e","19":"a","2":"c","20":"r","21":"c","22":"h","23":"?","24":"q","25":"u","26":"e","27":"r","28":"y","29":"=","3":"h","30":"m","4":"e","5":":","6":"/","7":"a","8":"p","9":"i","level":"info","message":"Respuesta cacheada para:","service":"glucosa-app-backend","timestamp":"2025-11-13 01:38:52"}
{"duration":"0.033s","level":"info","message":"Métrica registrada","method":"GET","route":"/search","service":"glucosa-app-backend","statusCode":200,"timestamp":"2025-11-13 01:38:52"}
{"email":"jean@gmail.com","ip":"::1","level":"info","message":"Usuario autenticado exitosamente","service":"glucosa-app-backend","timestamp":"2025-11-13 01:39:05","userId":"69119078da449f64fdcffdfa"}
{"email":"jean@gmail.com","ip":"::1","level":"info","message":"Usuario autenticado exitosamente","service":"glucosa-app-backend","timestamp":"2025-11-13 01:39:05","userId":"69119078da449f64fdcffdfa"}
{"email":"jean@gmail.com","ip":"::1","level":"info","message":"Usuario autenticado exitosamente","service":"glucosa-app-backend","timestamp":"2025-11-13 01:39:05","userId":"69119078da449f64fdcffdfa"}
{"count":1,"ip":"::1","level":"info","limit":"50","message":"Registros de glucosa obtenidos exitosamente","service":"glucosa-app-backend","timestamp":"2025-11-13 01:39:05","userId":"69119078da449f64fdcffdfa"}
{"duration":"0.022s","level":"info","message":"Métrica registrada","method":"GET","route":"/","service":"glucosa-app-backend","statusCode":200,"timestamp":"2025-11-13 01:39:05"}
{"average":35,"count":1,"days":"30","ip":"::1","level":"info","max":35,"message":"Estadísticas de glucosa calculadas exitosamente","min":35,"service":"glucosa-app-backend","timestamp":"2025-11-13 01:39:05","trend":"stable","userId":"69119078da449f64fdcffdfa"}
{"duration":"0.024s","level":"info","message":"Métrica registrada","method":"GET","route":"/statistics","service":"glucosa-app-backend","statusCode":200,"timestamp":"2025-11-13 01:39:05"}
{"count":1,"ip":"::1","level":"info","limit":"50","message":"Registros de glucosa obtenidos exitosamente","service":"glucosa-app-backend","timestamp":"2025-11-13 01:39:05","userId":"69119078da449f64fdcffdfa"}
{"duration":"0.023s","level":"info","message":"Métrica registrada","method":"GET","route":"/","service":"glucosa-app-backend","statusCode":200,"timestamp":"2025-11-13 01:39:05"}
{"email":"jean@gmail.com","ip":"::1","level":"info","message":"Usuario autenticado exitosamente","service":"glucosa-app-backend","timestamp":"2025-11-13 01:39:05","userId":"69119078da449f64fdcffdfa"}
{"average":35,"count":1,"days":"30","ip":"::1","level":"info","max":35,"message":"Estadísticas de glucosa calculadas exitosamente","min":35,"service":"glucosa-app-backend","timestamp":"2025-11-13 01:39:05","trend":"stable","userId":"69119078da449f64fdcffdfa"}
{"duration":"0.008s","level":"info","message":"Métrica registrada","method":"GET","route":"/statistics","service":"glucosa-app-backend","statusCode":200,"timestamp":"2025-11-13 01:39:05"}
{"email":"jean@gmail.com","ip":"::1","level":"info","message":"Usuario autenticado exitosamente","service":"glucosa-app-backend","timestamp":"2025-11-13 01:39:07","userId":"69119078da449f64fdcffdfa"}
{"email":"jean@gmail.com","ip":"::1","level":"info","message":"Usuario autenticado exitosamente","service":"glucosa-app-backend","timestamp":"2025-11-13 01:39:07","userId":"69119078da449f64fdcffdfa"}
{"email":"jean@gmail.com","ip":"::1","level":"info","message":"Usuario autenticado exitosamente","service":"glucosa-app-backend","timestamp":"2025-11-13 01:39:07","userId":"69119078da449f64fdcffdfa"}
{"count":1,"ip":"::1","level":"info","limit":"50","message":"Registros de glucosa obtenidos exitosamente","service":"glucosa-app-backend","timestamp":"2025-11-13 01:39:07","userId":"69119078da449f64fdcffdfa"}
{"duration":"0.015s","level":"info","message":"Métrica registrada","method":"GET","route":"/","service":"glucosa-app-backend","statusCode":200,"timestamp":"2025-11-13 01:39:07"}
{"average":35,"count":1,"days":"30","ip":"::1","level":"info","max":35,"message":"Estadísticas de glucosa calculadas exitosamente","min":35,"service":"glucosa-app-backend","timestamp":"2025-11-13 01:39:07","trend":"stable","userId":"69119078da449f64fdcffdfa"}
{"duration":"0.015s","level":"info","message":"Métrica registrada","method":"GET","route":"/statistics","service":"glucosa-app-backend","statusCode":200,"timestamp":"2025-11-13 01:39:07"}
{"count":1,"ip":"::1","level":"info","limit":"50","message":"Registros de glucosa obtenidos exitosamente","service":"glucosa-app-backend","timestamp":"2025-11-13 01:39:07","userId":"69119078da449f64fdcffdfa"}
{"duration":"0.015s","level":"info","message":"Métrica registrada","method":"GET","route":"/","service":"glucosa-app-backend","statusCode":200,"timestamp":"2025-11-13 01:39:07"}
{"email":"jean@gmail.com","ip":"::1","level":"info","message":"Usuario autenticado exitosamente","service":"glucosa-app-backend","timestamp":"2025-11-13 01:39:07","userId":"69119078da449f64fdcffdfa"}
{"average":35,"count":1,"days":"30","ip":"::1","level":"info","max":35,"message":"Estadísticas de glucosa calculadas exitosamente","min":35,"service":"glucosa-app-backend","timestamp":"2025-11-13 01:39:07","trend":"stable","userId":"69119078da449f64fdcffdfa"}
{"duration":"0.011s","level":"info","message":"Métrica registrada","method":"GET","route":"/statistics","service":"glucosa-app-backend","statusCode":200,"timestamp":"2025-11-13 01:39:07"}
{"email":"jean@gmail.com","ip":"::1","level":"info","message":"Usuario autenticado exitosamente","service":"glucosa-app-backend","timestamp":"2025-11-13 01:39:26","userId":"69119078da449f64fdcffdfa"}
{"email":"jean@gmail.com","ip":"::1","level":"info","message":"Verificación de autenticación exitosa","service":"glucosa-app-backend","timestamp":"2025-11-13 01:39:26","userId":"69119078da449f64fdcffdfa"}
{"duration":"0.005s","level":"info","message":"Métrica registrada","method":"GET","route":"/me","service":"glucosa-app-backend","statusCode":304,"timestamp":"2025-11-13 01:39:26"}
{"email":"jean@gmail.com","ip":"::1","level":"info","message":"Usuario autenticado exitosamente","service":"glucosa-app-backend","timestamp":"2025-11-13 01:39:26","userId":"69119078da449f64fdcffdfa"}
{"email":"jean@gmail.com","ip":"::1","level":"info","message":"Verificación de autenticación exitosa","service":"glucosa-app-backend","timestamp":"2025-11-13 01:39:26","userId":"69119078da449f64fdcffdfa"}
{"duration":"0.004s","level":"info","message":"Métrica registrada","method":"GET","route":"/me","service":"glucosa-app-backend","statusCode":304,"timestamp":"2025-11-13 01:39:26"}
{"email":"jean@gmail.com","ip":"::1","level":"info","message":"Usuario autenticado exitosamente","service":"glucosa-app-backend","timestamp":"2025-11-13 01:39:26","userId":"69119078da449f64fdcffdfa"}
{"email":"jean@gmail.com","ip":"::1","level":"info","message":"Verificación de autenticación exitosa","service":"glucosa-app-backend","timestamp":"2025-11-13 01:39:26","userId":"69119078da449f64fdcffdfa"}
{"duration":"0.005s","level":"info","message":"Métrica registrada","method":"GET","route":"/me","service":"glucosa-app-backend","statusCode":304,"timestamp":"2025-11-13 01:39:26"}
{"email":"jean@gmail.com","ip":"::1","level":"info","message":"Usuario autenticado exitosamente","service":"glucosa-app-backend","timestamp":"2025-11-13 01:39:26","userId":"69119078da449f64fdcffdfa"}
{"email":"jean@gmail.com","ip":"::1","level":"info","message":"Verificación de autenticación exitosa","service":"glucosa-app-backend","timestamp":"2025-11-13 01:39:26","userId":"69119078da449f64fdcffdfa"}
{"duration":"0.006s","level":"info","message":"Métrica registrada","method":"GET","route":"/me","service":"glucosa-app-backend","statusCode":304,"timestamp":"2025-11-13 01:39:26"}
{"ip":"::1","level":"warn","message":"Acceso no autorizado: Token no proporcionado","service":"glucosa-app-backend","timestamp":"2025-11-13 03:01:09","url":"/api/foods/categories","userAgent":"Mozilla/5.0 (win32) AppleWebKit/537.36 (KHTML, like Gecko) jsdom/26.1.0"}
{"duration":"0.029s","level":"info","message":"Métrica registrada","method":"GET","route":"/categories","service":"glucosa-app-backend","statusCode":401,"timestamp":"2025-11-13 03:01:09"}
{"ip":"::1","level":"warn","message":"Acceso no autorizado: Token no proporcionado","service":"glucosa-app-backend","timestamp":"2025-11-13 03:01:09","url":"/api/foods","userAgent":"Mozilla/5.0 (win32) AppleWebKit/537.36 (KHTML, like Gecko) jsdom/26.1.0"}
{"duration":"0.001s","level":"info","message":"Métrica registrada","method":"GET","route":"/","service":"glucosa-app-backend","statusCode":401,"timestamp":"2025-11-13 03:01:09"}
{"ip":"::1","level":"warn","message":"Acceso no autorizado: Token no proporcionado","service":"glucosa-app-backend","timestamp":"2025-11-13 03:01:09","url":"/api/foods/categories","userAgent":"Mozilla/5.0 (win32) AppleWebKit/537.36 (KHTML, like Gecko) jsdom/26.1.0"}
{"duration":"0.001s","level":"info","message":"Métrica registrada","method":"GET","route":"/categories","service":"glucosa-app-backend","statusCode":401,"timestamp":"2025-11-13 03:01:09"}
{"ip":"::1","level":"warn","message":"Acceso no autorizado: Token no proporcionado","service":"glucosa-app-backend","timestamp":"2025-11-13 03:01:09","url":"/api/foods","userAgent":"Mozilla/5.0 (win32) AppleWebKit/537.36 (KHTML, like Gecko) jsdom/26.1.0"}
{"duration":"0.001s","level":"info","message":"Métrica registrada","method":"GET","route":"/","service":"glucosa-app-backend","statusCode":401,"timestamp":"2025-11-13 03:01:09"}
{"ip":"::1","level":"warn","message":"Acceso no autorizado: Token no proporcionado","service":"glucosa-app-backend","timestamp":"2025-11-13 03:01:10","url":"/api/foods","userAgent":"Mozilla/5.0 (win32) AppleWebKit/537.36 (KHTML, like Gecko) jsdom/26.1.0"}
{"duration":"0.001s","level":"info","message":"Métrica registrada","method":"GET","route":"/","service":"glucosa-app-backend","statusCode":401,"timestamp":"2025-11-13 03:01:10"}
{"email":"jean@gmail.com","ip":"::1","level":"info","message":"Usuario autenticado exitosamente","service":"glucosa-app-backend","timestamp":"2025-11-13 03:23:39","userId":"69119078da449f64fdcffdfa"}
{"email":"jean@gmail.com","ip":"::1","level":"info","message":"Verificación de autenticación exitosa","service":"glucosa-app-backend","timestamp":"2025-11-13 03:23:39","userId":"69119078da449f64fdcffdfa"}
{"duration":"0.085s","level":"info","message":"Métrica registrada","method":"GET","route":"/me","service":"glucosa-app-backend","statusCode":304,"timestamp":"2025-11-13 03:23:39"}
{"email":"jean@gmail.com","ip":"::1","level":"info","message":"Usuario autenticado exitosamente","service":"glucosa-app-backend","timestamp":"2025-11-13 03:23:39","userId":"69119078da449f64fdcffdfa"}
{"email":"jean@gmail.com","ip":"::1","level":"info","message":"Verificación de autenticación exitosa","service":"glucosa-app-backend","timestamp":"2025-11-13 03:23:39","userId":"69119078da449f64fdcffdfa"}
{"duration":"0.005s","level":"info","message":"Métrica registrada","method":"GET","route":"/me","service":"glucosa-app-backend","statusCode":304,"timestamp":"2025-11-13 03:23:39"}
{"email":"jean@gmail.com","ip":"::1","level":"info","message":"Usuario autenticado exitosamente","service":"glucosa-app-backend","timestamp":"2025-11-13 03:23:39","userId":"69119078da449f64fdcffdfa"}
{"email":"jean@gmail.com","ip":"::1","level":"info","message":"Verificación de autenticación exitosa","service":"glucosa-app-backend","timestamp":"2025-11-13 03:23:39","userId":"69119078da449f64fdcffdfa"}
{"duration":"0.004s","level":"info","message":"Métrica registrada","method":"GET","route":"/me","service":"glucosa-app-backend","statusCode":304,"timestamp":"2025-11-13 03:23:39"}
{"email":"jean@gmail.com","ip":"::1","level":"info","message":"Usuario autenticado exitosamente","service":"glucosa-app-backend","timestamp":"2025-11-13 03:23:39","userId":"69119078da449f64fdcffdfa"}
{"email":"jean@gmail.com","ip":"::1","level":"info","message":"Verificación de autenticación exitosa","service":"glucosa-app-backend","timestamp":"2025-11-13 03:23:39","userId":"69119078da449f64fdcffdfa"}
{"duration":"0.006s","level":"info","message":"Métrica registrada","method":"GET","route":"/me","service":"glucosa-app-backend","statusCode":304,"timestamp":"2025-11-13 03:23:39"}
{"email":"jean@gmail.com","ip":"::1","level":"info","message":"Usuario autenticado exitosamente","service":"glucosa-app-backend","timestamp":"2025-11-13 09:12:26","userId":"69119078da449f64fdcffdfa"}
{"email":"jean@gmail.com","ip":"::1","level":"info","message":"Verificación de autenticación exitosa","service":"glucosa-app-backend","timestamp":"2025-11-13 09:12:26","userId":"69119078da449f64fdcffdfa"}
{"duration":"0.071s","level":"info","message":"Métrica registrada","method":"GET","route":"/me","service":"glucosa-app-backend","statusCode":304,"timestamp":"2025-11-13 09:12:26"}
{"email":"jean@gmail.com","ip":"::1","level":"info","message":"Usuario autenticado exitosamente","service":"glucosa-app-backend","timestamp":"2025-11-13 09:12:26","userId":"69119078da449f64fdcffdfa"}
{"email":"jean@gmail.com","ip":"::1","level":"info","message":"Verificación de autenticación exitosa","service":"glucosa-app-backend","timestamp":"2025-11-13 09:12:26","userId":"69119078da449f64fdcffdfa"}
{"duration":"0.009s","level":"info","message":"Métrica registrada","method":"GET","route":"/me","service":"glucosa-app-backend","statusCode":304,"timestamp":"2025-11-13 09:12:26"}
{"email":"jean@gmail.com","ip":"::1","level":"info","message":"Usuario autenticado exitosamente","service":"glucosa-app-backend","timestamp":"2025-11-13 09:12:26","userId":"69119078da449f64fdcffdfa"}
{"email":"jean@gmail.com","ip":"::1","level":"info","message":"Verificación de autenticación exitosa","service":"glucosa-app-backend","timestamp":"2025-11-13 09:12:26","userId":"69119078da449f64fdcffdfa"}
{"duration":"0.007s","level":"info","message":"Métrica registrada","method":"GET","route":"/me","service":"glucosa-app-backend","statusCode":304,"timestamp":"2025-11-13 09:12:26"}
{"email":"jean@gmail.com","ip":"::1","level":"info","message":"Usuario autenticado exitosamente","service":"glucosa-app-backend","timestamp":"2025-11-13 09:12:26","userId":"69119078da449f64fdcffdfa"}
{"email":"jean@gmail.com","ip":"::1","level":"info","message":"Verificación de autenticación exitosa","service":"glucosa-app-backend","timestamp":"2025-11-13 09:12:26","userId":"69119078da449f64fdcffdfa"}
{"duration":"0.007s","level":"info","message":"Métrica registrada","method":"GET","route":"/me","service":"glucosa-app-backend","statusCode":304,"timestamp":"2025-11-13 09:12:26"}
{"email":"jean@gmail.com","ip":"::1","level":"info","message":"Inicio de sesión exitoso","service":"glucosa-app-backend","timestamp":"2025-11-13 09:12:34","userId":"69119078da449f64fdcffdfa"}
{"duration":"0.107s","level":"info","message":"Métrica registrada","method":"POST","route":"/login","service":"glucosa-app-backend","statusCode":200,"timestamp":"2025-11-13 09:12:34"}
{"email":"test@example.com","level":"info","message":"Usuario registrado exitosamente","service":"glucosa-app-backend","timestamp":"2025-11-13 10:05:50","userId":"123"}
{"email":"test@example.com","error":"req.get is not a function","level":"error","message":"Error al registrar usuario","service":"glucosa-app-backend","stack":"TypeError: req.get is not a function\n    at register (C:\\Users\\morav\\OneDrive\\Desktop\\APP\\glucosa-app-backend\\src\\controllers\\auth.controller.ts:26:24)\n    at processTicksAndRejections (node:internal/process/task_queues:105:5)\n    at Object.<anonymous> (C:\\Users\\morav\\OneDrive\\Desktop\\APP\\glucosa-app-backend\\src\\__tests__\\auth.controller.test.ts:93:7)","timestamp":"2025-11-13 10:05:50"}
{"email":"test@example.com","level":"info","message":"Inicio de sesión exitoso","service":"glucosa-app-backend","timestamp":"2025-11-13 10:05:50","userId":"123"}
{"email":"test@example.com","error":"req.get is not a function","level":"error","message":"Error al iniciar sesión","service":"glucosa-app-backend","stack":"TypeError: req.get is not a function\n    at login (C:\\Users\\morav\\OneDrive\\Desktop\\APP\\glucosa-app-backend\\src\\controllers\\auth.controller.ts:128:24)\n    at processTicksAndRejections (node:internal/process/task_queues:105:5)\n    at Object.<anonymous> (C:\\Users\\morav\\OneDrive\\Desktop\\APP\\glucosa-app-backend\\src\\__tests__\\auth.controller.test.ts:148:7)","timestamp":"2025-11-13 10:05:50"}
{"email":"test@example.com","level":"info","message":"Verificación de autenticación exitosa","service":"glucosa-app-backend","timestamp":"2025-11-13 10:05:50","userId":"123"}
{"error":"req.get is not a function","level":"error","message":"Error al verificar autenticación","service":"glucosa-app-backend","stack":"TypeError: req.get is not a function\n    at checkAuth (C:\\Users\\morav\\OneDrive\\Desktop\\APP\\glucosa-app-backend\\src\\controllers\\auth.controller.ts:103:22)\n    at Object.<anonymous> (C:\\Users\\morav\\OneDrive\\Desktop\\APP\\glucosa-app-backend\\src\\__tests__\\auth.controller.test.ts:188:22)\n    at Promise.finally.completed (C:\\Users\\morav\\OneDrive\\Desktop\\APP\\glucosa-app-backend\\node_modules\\jest-circus\\build\\jestAdapterInit.js:1557:28)\n    at new Promise (<anonymous>)\n    at callAsyncCircusFn (C:\\Users\\morav\\OneDrive\\Desktop\\APP\\glucosa-app-backend\\node_modules\\jest-circus\\build\\jestAdapterInit.js:1497:10)\n    at _callCircusTest (C:\\Users\\morav\\OneDrive\\Desktop\\APP\\glucosa-app-backend\\node_modules\\jest-circus\\build\\jestAdapterInit.js:1007:40)\n    at processTicksAndRejections (node:internal/process/task_queues:105:5)\n    at _runTest (C:\\Users\\morav\\OneDrive\\Desktop\\APP\\glucosa-app-backend\\node_modules\\jest-circus\\build\\jestAdapterInit.js:947:3)\n    at C:\\Users\\morav\\OneDrive\\Desktop\\APP\\glucosa-app-backend\\node_modules\\jest-circus\\build\\jestAdapterInit.js:849:7\n    at _runTestsForDescribeBlock (C:\\Users\\morav\\OneDrive\\Desktop\\APP\\glucosa-app-backend\\node_modules\\jest-circus\\build\\jestAdapterInit.js:862:11)\n    at _runTestsForDescribeBlock (C:\\Users\\morav\\OneDrive\\Desktop\\APP\\glucosa-app-backend\\node_modules\\jest-circus\\build\\jestAdapterInit.js:857:11)\n    at _runTestsForDescribeBlock (C:\\Users\\morav\\OneDrive\\Desktop\\APP\\glucosa-app-backend\\node_modules\\jest-circus\\build\\jestAdapterInit.js:857:11)\n    at run (C:\\Users\\morav\\OneDrive\\Desktop\\APP\\glucosa-app-backend\\node_modules\\jest-circus\\build\\jestAdapterInit.js:761:3)\n    at runAndTransformResultsToJestFormat (C:\\Users\\morav\\OneDrive\\Desktop\\APP\\glucosa-app-backend\\node_modules\\jest-circus\\build\\jestAdapterInit.js:1918:21)\n    at jestAdapter (C:\\Users\\morav\\OneDrive\\Desktop\\APP\\glucosa-app-backend\\node_modules\\jest-circus\\build\\runner.js:101:19)\n    at runTestInternal (C:\\Users\\morav\\OneDrive\\Desktop\\APP\\glucosa-app-backend\\node_modules\\jest-runner\\build\\testWorker.js:275:16)\n    at runTest (C:\\Users\\morav\\OneDrive\\Desktop\\APP\\glucosa-app-backend\\node_modules\\jest-runner\\build\\testWorker.js:343:7)\n    at Object.worker (C:\\Users\\morav\\OneDrive\\Desktop\\APP\\glucosa-app-backend\\node_modules\\jest-runner\\build\\testWorker.js:497:12)","timestamp":"2025-11-13 10:05:50"}
{"email":"test@example.com","level":"info","message":"Usuario registrado exitosamente","service":"glucosa-app-backend","timestamp":"2025-11-13 10:08:08","userId":"123"}
{"email":"test@example.com","level":"warn","message":"Intento de registro con email existente","service":"glucosa-app-backend","timestamp":"2025-11-13 10:08:08","userAgent":"Unknown"}
{"email":"test@example.com","level":"info","message":"Inicio de sesión exitoso","service":"glucosa-app-backend","timestamp":"2025-11-13 10:08:08","userId":"123"}
{"email":"test@example.com","level":"warn","message":"Intento de inicio de sesión con email no existente","service":"glucosa-app-backend","timestamp":"2025-11-13 10:08:08","userAgent":"Unknown"}
{"email":"test@example.com","level":"info","message":"Verificación de autenticación exitosa","service":"glucosa-app-backend","timestamp":"2025-11-13 10:08:08","userId":"123"}
{"level":"warn","message":"Verificación de autenticación fallida: Usuario no autenticado","service":"glucosa-app-backend","timestamp":"2025-11-13 10:08:08","userAgent":"Unknown"}
{"email":"test@example.com","level":"info","message":"Usuario registrado exitosamente","service":"glucosa-app-backend","timestamp":"2025-11-13 10:09:17","userId":"123"}
{"email":"test@example.com","level":"warn","message":"Intento de registro con email existente","service":"glucosa-app-backend","timestamp":"2025-11-13 10:09:17","userAgent":"Unknown"}
{"email":"test@example.com","level":"info","message":"Inicio de sesión exitoso","service":"glucosa-app-backend","timestamp":"2025-11-13 10:09:17","userId":"123"}
{"email":"test@example.com","level":"warn","message":"Intento de inicio de sesión con email no existente","service":"glucosa-app-backend","timestamp":"2025-11-13 10:09:17","userAgent":"Unknown"}
{"email":"test@example.com","level":"info","message":"Verificación de autenticación exitosa","service":"glucosa-app-backend","timestamp":"2025-11-13 10:09:17","userId":"123"}
{"level":"warn","message":"Verificación de autenticación fallida: Usuario no autenticado","service":"glucosa-app-backend","timestamp":"2025-11-13 10:09:17","userAgent":"Unknown"}
{"email":"test@example.com","level":"info","message":"Usuario registrado exitosamente","service":"glucosa-app-backend","timestamp":"2025-11-13 10:34:02","userId":"123"}
{"email":"test@example.com","level":"warn","message":"Intento de registro con email existente","service":"glucosa-app-backend","timestamp":"2025-11-13 10:34:02","userAgent":"Unknown"}
{"email":"test@example.com","level":"info","message":"Inicio de sesión exitoso","service":"glucosa-app-backend","timestamp":"2025-11-13 10:34:02","userId":"123"}
{"email":"test@example.com","level":"warn","message":"Intento de inicio de sesión con email no existente","service":"glucosa-app-backend","timestamp":"2025-11-13 10:34:02","userAgent":"Unknown"}
{"email":"test@example.com","level":"info","message":"Verificación de autenticación exitosa","service":"glucosa-app-backend","timestamp":"2025-11-13 10:34:02","userId":"123"}
{"level":"warn","message":"Verificación de autenticación fallida: Usuario no autenticado","service":"glucosa-app-backend","timestamp":"2025-11-13 10:34:02","userAgent":"Unknown"}
